<?xml version="1.0" encoding="UTF-8"?>
<!-- Generated by org.testng.reporters.JUnitXMLReporter -->
<testsuite hostname="aleks-VirtualBox" name="Surefire test" tests="9" failures="0" timestamp="1 Apr 2021 22:43:29 GMT" time="0.216" errors="0">
  <testcase name="inverseTest on inverseTest(com.exemple.Teknikhogskolan._pass_aleks_Calculator.AdvancedCalculatorTest)" time="0.018" classname="com.exemple.Teknikhogskolan._pass_aleks_Calculator.AdvancedCalculatorTest"/>
  <testcase name="multyTest on multyTest(com.exemple.Teknikhogskolan._pass_aleks_Calculator.AdvancedCalculatorTest)" time="0.003" classname="com.exemple.Teknikhogskolan._pass_aleks_Calculator.AdvancedCalculatorTest"/>
  <testcase name="sinusTest on sinusTest(com.exemple.Teknikhogskolan._pass_aleks_Calculator.AdvancedCalculatorTest)" time="0.014" classname="com.exemple.Teknikhogskolan._pass_aleks_Calculator.AdvancedCalculatorTest"/>
  <testcase name="resiedToThePowerOfTest on resiedToThePowerOfTest(com.exemple.Teknikhogskolan._pass_aleks_Calculator.AdvancedCalculatorTest)" time="0.006" classname="com.exemple.Teknikhogskolan._pass_aleks_Calculator.AdvancedCalculatorTest"/>
  <testcase name="addisonTest on addisonTest(com.exemple.Teknikhogskolan._pass_aleks_Calculator.AdvancedCalculatorTest)" time="0.005" classname="com.exemple.Teknikhogskolan._pass_aleks_Calculator.AdvancedCalculatorTest"/>
  <testcase name="remainderTest on remainderTest(com.exemple.Teknikhogskolan._pass_aleks_Calculator.AdvancedCalculatorTest)" time="0.005" classname="com.exemple.Teknikhogskolan._pass_aleks_Calculator.AdvancedCalculatorTest"/>
  <testcase name="devisonTest on devisonTest(com.exemple.Teknikhogskolan._pass_aleks_Calculator.AdvancedCalculatorTest)" time="0.007" classname="com.exemple.Teknikhogskolan._pass_aleks_Calculator.AdvancedCalculatorTest"/>
  <testcase name="subbtractTest on subbtractTest(com.exemple.Teknikhogskolan._pass_aleks_Calculator.AdvancedCalculatorTest)" time="0.009" classname="com.exemple.Teknikhogskolan._pass_aleks_Calculator.AdvancedCalculatorTest"/>
  <testcase name="testSquare on testSquare(com.exemple.Teknikhogskolan._pass_aleks_Calculator.AdvancedCalculatorTest)" time="0.004" classname="com.exemple.Teknikhogskolan._pass_aleks_Calculator.AdvancedCalculatorTest"/>
</testsuite> <!-- Surefire test -->
